<?xml version="1.0" encoding="UTF-8"?>
<!-- Generated by org.testng.reporters.JUnitReportReporter -->
<testsuite skipped="0" hostname="host-78-65-176-38.homerun.telia.com" name="com.consol.citrus.simulator.SimulatorRestIT" tests="4" failures="0" timestamp="24 sep 2019 19:24:31 GMT" time="3.674" errors="0">
  <testcase name="testGoodByeRequest" time="0.452" classname="com.consol.citrus.simulator.SimulatorRestIT"/>
  <testcase name="testDefaultRequest" time="2.614" classname="com.consol.citrus.simulator.SimulatorRestIT"/>
  <testcase name="testInterveningRequest" time="0.294" classname="com.consol.citrus.simulator.SimulatorRestIT"/>
  <testcase name="testHelloRequest" time="0.314" classname="com.consol.citrus.simulator.SimulatorRestIT"/>
</testsuite> <!-- com.consol.citrus.simulator.SimulatorRestIT -->
